#! /usr/bin/vvp
:ivl_version "13.0 (stable)" "(v13_0-dirty)";
:ivl_delay_selection "TYPICAL";
:vpi_time_precision + 0;
:vpi_module "/usr/lib/ivl/system.vpi";
:vpi_module "/usr/lib/ivl/vhdl_sys.vpi";
:vpi_module "/usr/lib/ivl/vhdl_textio.vpi";
:vpi_module "/usr/lib/ivl/v2005_math.vpi";
:vpi_module "/usr/lib/ivl/va_math.vpi";
S_0x563f89706b90 .scope module, "ex2_tb" "ex2_tb" 2 1;
 .timescale 0 0;
v0x563f89718b90_0 .var "a", 0 0;
v0x563f89718c50_0 .var "b", 0 0;
v0x563f89718d20_0 .net "y_and", 0 0, L_0x563f89718ef0;  1 drivers
v0x563f89718e20_0 .net "y_or", 0 0, L_0x563f89719050;  1 drivers
S_0x563f89706d20 .scope module, "dut" "ex2" 2 6, 3 11 0, S_0x563f89706b90;
 .timescale 0 0;
    .port_info 0 /INPUT 1 "a";
    .port_info 1 /INPUT 1 "b";
    .port_info 2 /OUTPUT 1 "y_and";
    .port_info 3 /OUTPUT 1 "y_or";
L_0x563f89718ef0 .functor AND 1, v0x563f89718b90_0, v0x563f89718c50_0, C4<1>, C4<1>;
L_0x563f89719050 .functor OR 1, v0x563f89718b90_0, v0x563f89718c50_0, C4<0>, C4<0>;
v0x563f89706f00_0 .net "a", 0 0, v0x563f89718b90_0;  1 drivers
v0x563f897188f0_0 .net "b", 0 0, v0x563f89718c50_0;  1 drivers
v0x563f897189b0_0 .net "y_and", 0 0, L_0x563f89718ef0;  alias, 1 drivers
v0x563f89718a50_0 .net "y_or", 0 0, L_0x563f89719050;  alias, 1 drivers
    .scope S_0x563f89706b90;
T_0 ;
    %vpi_call 2 14 "$dumpfile", "test.vcd" {0 0 0};
    %vpi_call 2 15 "$dumpvars", 32'sb00000000000000000000000000000000, S_0x563f89706b90 {0 0 0};
    %pushi/vec4 0, 0, 1;
    %store/vec4 v0x563f89718b90_0, 0, 1;
    %pushi/vec4 0, 0, 1;
    %store/vec4 v0x563f89718c50_0, 0, 1;
    %delay 10, 0;
    %pushi/vec4 0, 0, 1;
    %store/vec4 v0x563f89718b90_0, 0, 1;
    %pushi/vec4 1, 0, 1;
    %store/vec4 v0x563f89718c50_0, 0, 1;
    %delay 10, 0;
    %pushi/vec4 1, 0, 1;
    %store/vec4 v0x563f89718b90_0, 0, 1;
    %pushi/vec4 0, 0, 1;
    %store/vec4 v0x563f89718c50_0, 0, 1;
    %delay 10, 0;
    %pushi/vec4 1, 0, 1;
    %store/vec4 v0x563f89718b90_0, 0, 1;
    %pushi/vec4 1, 0, 1;
    %store/vec4 v0x563f89718c50_0, 0, 1;
    %delay 10, 0;
    %vpi_call 2 29 "$finish" {0 0 0};
    %end;
    .thread T_0;
# The file index is used to find the file name in the following table.
:file_names 4;
    "N/A";
    "<interactive>";
    "Exercise2_tb.v";
    "Exercise2.v";
