#! /usr/bin/vvp
:ivl_version "13.0 (stable)" "(v13_0-dirty)";
:ivl_delay_selection "TYPICAL";
:vpi_time_precision + 0;
:vpi_module "/usr/lib/ivl/system.vpi";
:vpi_module "/usr/lib/ivl/vhdl_sys.vpi";
:vpi_module "/usr/lib/ivl/vhdl_textio.vpi";
:vpi_module "/usr/lib/ivl/v2005_math.vpi";
:vpi_module "/usr/lib/ivl/va_math.vpi";
S_0x563444af1c40 .scope module, "ex4_tb" "ex4_tb" 2 1;
 .timescale 0 0;
v0x563444b040e0_0 .var "tb_in", 3 0;
v0x563444b041a0_0 .net "tb_out", 3 0, L_0x563444b04600;  1 drivers
S_0x563444af1dd0 .scope module, "uut" "ex4" 2 4, 3 1 0, S_0x563444af1c40;
 .timescale 0 0;
    .port_info 0 /INPUT 4 "in";
    .port_info 1 /OUTPUT 4 "out";
v0x563444ae05a0_0 .net *"_ivl_1", 0 0, L_0x563444b04270;  1 drivers
v0x563444b03bf0_0 .net *"_ivl_3", 0 0, L_0x563444b04390;  1 drivers
v0x563444b03cd0_0 .net *"_ivl_5", 0 0, L_0x563444b04430;  1 drivers
v0x563444b03d90_0 .net *"_ivl_7", 0 0, L_0x563444b04500;  1 drivers
v0x563444b03e70_0 .net "in", 3 0, v0x563444b040e0_0;  1 drivers
v0x563444b03fa0_0 .net "out", 3 0, L_0x563444b04600;  alias, 1 drivers
L_0x563444b04270 .part v0x563444b040e0_0, 0, 1;
L_0x563444b04390 .part v0x563444b040e0_0, 1, 1;
L_0x563444b04430 .part v0x563444b040e0_0, 2, 1;
L_0x563444b04500 .part v0x563444b040e0_0, 3, 1;
L_0x563444b04600 .concat [ 1 1 1 1], L_0x563444b04500, L_0x563444b04430, L_0x563444b04390, L_0x563444b04270;
    .scope S_0x563444af1c40;
T_0 ;
    %vpi_call 2 10 "$dumpfile", "test.vcd" {0 0 0};
    %vpi_call 2 11 "$dumpvars", 32'sb00000000000000000000000000000000, S_0x563444af1c40 {0 0 0};
    %pushi/vec4 0, 0, 4;
    %store/vec4 v0x563444b040e0_0, 0, 4;
    %delay 10, 0;
    %pushi/vec4 8, 0, 4;
    %store/vec4 v0x563444b040e0_0, 0, 4;
    %delay 10, 0;
    %pushi/vec4 1, 0, 4;
    %store/vec4 v0x563444b040e0_0, 0, 4;
    %delay 10, 0;
    %pushi/vec4 11, 0, 4;
    %store/vec4 v0x563444b040e0_0, 0, 4;
    %delay 10, 0;
    %pushi/vec4 12, 0, 4;
    %store/vec4 v0x563444b040e0_0, 0, 4;
    %delay 10, 0;
    %vpi_call 2 24 "$finish" {0 0 0};
    %end;
    .thread T_0;
# The file index is used to find the file name in the following table.
:file_names 4;
    "N/A";
    "<interactive>";
    "Exercise4_tb.v";
    "Exercise4.v";
