#! /usr/bin/vvp
:ivl_version "13.0 (stable)" "(v13_0-dirty)";
:ivl_delay_selection "TYPICAL";
:vpi_time_precision + 0;
:vpi_module "/usr/lib/ivl/system.vpi";
:vpi_module "/usr/lib/ivl/vhdl_sys.vpi";
:vpi_module "/usr/lib/ivl/vhdl_textio.vpi";
:vpi_module "/usr/lib/ivl/v2005_math.vpi";
:vpi_module "/usr/lib/ivl/va_math.vpi";
S_0x5624187bb2a0 .scope module, "ex1_tb" "ex1_tb" 2 1;
 .timescale 0 0;
v0x5624187cb690_0 .var "a_test", 0 0;
v0x5624187cb730_0 .net "y_test", 0 0, L_0x5624187cb800;  1 drivers
S_0x5624187bb430 .scope module, "dut" "ex1" 2 6, 3 12 0, S_0x5624187bb2a0;
 .timescale 0 0;
    .port_info 0 /INPUT 1 "a";
    .port_info 1 /OUTPUT 1 "y";
L_0x5624187cb800 .functor BUFZ 1, v0x5624187cb690_0, C4<0>, C4<0>, C4<0>;
v0x5624187a8f30_0 .net "a", 0 0, v0x5624187cb690_0;  1 drivers
v0x5624187cb570_0 .net "y", 0 0, L_0x5624187cb800;  alias, 1 drivers
    .scope S_0x5624187bb2a0;
T_0 ;
    %vpi_call 2 12 "$dumpfile", "test.vcd" {0 0 0};
    %vpi_call 2 13 "$dumpvars", 32'sb00000000000000000000000000000000, S_0x5624187bb2a0 {0 0 0};
    %pushi/vec4 0, 0, 1;
    %store/vec4 v0x5624187cb690_0, 0, 1;
    %delay 1, 0;
    %pushi/vec4 1, 0, 1;
    %store/vec4 v0x5624187cb690_0, 0, 1;
    %delay 10, 0;
    %pushi/vec4 0, 0, 1;
    %store/vec4 v0x5624187cb690_0, 0, 1;
    %delay 10, 0;
    %pushi/vec4 1, 0, 1;
    %store/vec4 v0x5624187cb690_0, 0, 1;
    %delay 10, 0;
    %vpi_call 2 27 "$finish" {0 0 0};
    %end;
    .thread T_0;
# The file index is used to find the file name in the following table.
:file_names 4;
    "N/A";
    "<interactive>";
    "Exercise1_tb.v";
    "Exercise1.v";
