#! /usr/bin/vvp
:ivl_version "13.0 (stable)" "(v13_0-dirty)";
:ivl_delay_selection "TYPICAL";
:vpi_time_precision - 12;
:vpi_module "/usr/lib/ivl/system.vpi";
:vpi_module "/usr/lib/ivl/vhdl_sys.vpi";
:vpi_module "/usr/lib/ivl/vhdl_textio.vpi";
:vpi_module "/usr/lib/ivl/v2005_math.vpi";
:vpi_module "/usr/lib/ivl/va_math.vpi";
S_0x56008f9536b0 .scope module, "ex8_tb" "ex8_tb" 2 3;
 .timescale -9 -12;
v0x56008f966480_0 .var "clk", 0 0;
v0x56008f966540_0 .var "d", 0 0;
v0x56008f966610_0 .net "q", 0 0, v0x56008f9662a0_0;  1 drivers
v0x56008f966710_0 .var "rst_n", 0 0;
S_0x56008f953840 .scope module, "uut" "ex8" 2 7, 3 11 0, S_0x56008f9536b0;
 .timescale 0 0;
    .port_info 0 /INPUT 1 "clk";
    .port_info 1 /INPUT 1 "rst_n";
    .port_info 2 /INPUT 1 "d";
    .port_info 3 /OUTPUT 1 "q";
v0x56008f941a10_0 .net "clk", 0 0, v0x56008f966480_0;  1 drivers
v0x56008f9661e0_0 .net "d", 0 0, v0x56008f966540_0;  1 drivers
v0x56008f9662a0_0 .var "q", 0 0;
v0x56008f966340_0 .net "rst_n", 0 0, v0x56008f966710_0;  1 drivers
E_0x56008f954770/0 .event negedge, v0x56008f966340_0;
E_0x56008f954770/1 .event posedge, v0x56008f941a10_0;
E_0x56008f954770 .event/or E_0x56008f954770/0, E_0x56008f954770/1;
    .scope S_0x56008f953840;
T_0 ;
    %wait E_0x56008f954770;
    %load/vec4 v0x56008f966340_0;
    %nor/r;
    %flag_set/vec4 8;
    %jmp/0xz  T_0.0, 8;
    %pushi/vec4 0, 0, 1;
    %assign/vec4 v0x56008f9662a0_0, 0;
    %jmp T_0.1;
T_0.0 ;
    %load/vec4 v0x56008f9661e0_0;
    %assign/vec4 v0x56008f9662a0_0, 0;
T_0.1 ;
    %jmp T_0;
    .thread T_0;
    .scope S_0x56008f9536b0;
T_1 ;
    %delay 5000, 0;
    %load/vec4 v0x56008f966480_0;
    %inv;
    %store/vec4 v0x56008f966480_0, 0, 1;
    %jmp T_1;
    .thread T_1;
    .scope S_0x56008f9536b0;
T_2 ;
    %pushi/vec4 0, 0, 1;
    %store/vec4 v0x56008f966480_0, 0, 1;
    %pushi/vec4 0, 0, 1;
    %store/vec4 v0x56008f966710_0, 0, 1;
    %pushi/vec4 0, 0, 1;
    %store/vec4 v0x56008f966540_0, 0, 1;
    %delay 7000, 0;
    %pushi/vec4 1, 0, 1;
    %store/vec4 v0x56008f966710_0, 0, 1;
    %delay 3000, 0;
    %pushi/vec4 1, 0, 1;
    %store/vec4 v0x56008f966540_0, 0, 1;
    %delay 10000, 0;
    %delay 2000, 0;
    %pushi/vec4 0, 0, 1;
    %store/vec4 v0x56008f966540_0, 0, 1;
    %delay 10000, 0;
    %vpi_call 2 25 "$finish" {0 0 0};
    %end;
    .thread T_2;
    .scope S_0x56008f9536b0;
T_3 ;
    %vpi_call 2 28 "$monitor", "Time: %0t | Clk: %b | D: %b | Q: %b", $time, v0x56008f966480_0, v0x56008f966540_0, v0x56008f966610_0 {0 0 0};
    %end;
    .thread T_3;
# The file index is used to find the file name in the following table.
:file_names 4;
    "N/A";
    "<interactive>";
    "Exercise8_tb.v";
    "Exercise8.v";
