#! /usr/bin/vvp
:ivl_version "13.0 (stable)" "(v13_0-dirty)";
:ivl_delay_selection "TYPICAL";
:vpi_time_precision - 12;
:vpi_module "/usr/lib/ivl/system.vpi";
:vpi_module "/usr/lib/ivl/vhdl_sys.vpi";
:vpi_module "/usr/lib/ivl/vhdl_textio.vpi";
:vpi_module "/usr/lib/ivl/v2005_math.vpi";
:vpi_module "/usr/lib/ivl/va_math.vpi";
S_0x55b7ee8a1360 .scope module, "ex7_tb" "ex7_tb" 2 3;
 .timescale -9 -12;
v0x55b7ee8b41c0_0 .var "in", 3 0;
v0x55b7ee8b42b0_0 .net "out", 1 0, v0x55b7ee8b3fc0_0;  1 drivers
v0x55b7ee8b4380_0 .net "valid", 0 0, v0x55b7ee8b40a0_0;  1 drivers
S_0x55b7ee8a14f0 .scope module, "uut" "ex7" 2 8, 3 1 0, S_0x55b7ee8a1360;
 .timescale 0 0;
    .port_info 0 /INPUT 4 "in";
    .port_info 1 /OUTPUT 2 "out";
    .port_info 2 /OUTPUT 1 "valid";
v0x55b7ee88e130_0 .net "in", 3 0, v0x55b7ee8b41c0_0;  1 drivers
v0x55b7ee8b3fc0_0 .var "out", 1 0;
v0x55b7ee8b40a0_0 .var "valid", 0 0;
E_0x55b7ee8a1d80 .event anyedge, v0x55b7ee88e130_0;
    .scope S_0x55b7ee8a14f0;
T_0 ;
    %wait E_0x55b7ee8a1d80;
    %load/vec4 v0x55b7ee88e130_0;
    %parti/s 1, 3, 3;
    %flag_set/vec4 8;
    %jmp/0xz  T_0.0, 8;
    %pushi/vec4 3, 0, 2;
    %store/vec4 v0x55b7ee8b3fc0_0, 0, 2;
    %pushi/vec4 1, 0, 1;
    %store/vec4 v0x55b7ee8b40a0_0, 0, 1;
    %jmp T_0.1;
T_0.0 ;
    %load/vec4 v0x55b7ee88e130_0;
    %parti/s 1, 2, 3;
    %flag_set/vec4 8;
    %jmp/0xz  T_0.2, 8;
    %pushi/vec4 2, 0, 2;
    %store/vec4 v0x55b7ee8b3fc0_0, 0, 2;
    %pushi/vec4 1, 0, 1;
    %store/vec4 v0x55b7ee8b40a0_0, 0, 1;
    %jmp T_0.3;
T_0.2 ;
    %load/vec4 v0x55b7ee88e130_0;
    %parti/s 1, 1, 2;
    %flag_set/vec4 8;
    %jmp/0xz  T_0.4, 8;
    %pushi/vec4 1, 0, 2;
    %store/vec4 v0x55b7ee8b3fc0_0, 0, 2;
    %pushi/vec4 1, 0, 1;
    %store/vec4 v0x55b7ee8b40a0_0, 0, 1;
    %jmp T_0.5;
T_0.4 ;
    %load/vec4 v0x55b7ee88e130_0;
    %parti/s 1, 0, 2;
    %flag_set/vec4 8;
    %jmp/0xz  T_0.6, 8;
    %pushi/vec4 0, 0, 2;
    %store/vec4 v0x55b7ee8b3fc0_0, 0, 2;
    %pushi/vec4 1, 0, 1;
    %store/vec4 v0x55b7ee8b40a0_0, 0, 1;
    %jmp T_0.7;
T_0.6 ;
    %pushi/vec4 0, 0, 2;
    %store/vec4 v0x55b7ee8b3fc0_0, 0, 2;
    %pushi/vec4 0, 0, 1;
    %store/vec4 v0x55b7ee8b40a0_0, 0, 1;
T_0.7 ;
T_0.5 ;
T_0.3 ;
T_0.1 ;
    %jmp T_0;
    .thread T_0, $push;
    .scope S_0x55b7ee8a1360;
T_1 ;
    %vpi_call 2 15 "$display", "Input | Valid | Index" {0 0 0};
    %vpi_call 2 16 "$monitor", "%b  |   %b   |   %d", v0x55b7ee8b41c0_0, v0x55b7ee8b4380_0, v0x55b7ee8b42b0_0 {0 0 0};
    %pushi/vec4 1, 0, 4;
    %store/vec4 v0x55b7ee8b41c0_0, 0, 4;
    %delay 10000, 0;
    %pushi/vec4 10, 0, 4;
    %store/vec4 v0x55b7ee8b41c0_0, 0, 4;
    %delay 10000, 0;
    %pushi/vec4 4, 0, 4;
    %store/vec4 v0x55b7ee8b41c0_0, 0, 4;
    %delay 10000, 0;
    %pushi/vec4 0, 0, 4;
    %store/vec4 v0x55b7ee8b41c0_0, 0, 4;
    %delay 10000, 0;
    %vpi_call 2 23 "$finish" {0 0 0};
    %end;
    .thread T_1;
# The file index is used to find the file name in the following table.
:file_names 4;
    "N/A";
    "<interactive>";
    "Exercise7_tb.v";
    "Exercise7.v";
