#! /usr/bin/vvp
:ivl_version "13.0 (stable)" "(v13_0-dirty)";
:ivl_delay_selection "TYPICAL";
:vpi_time_precision + 0;
:vpi_module "/usr/lib/ivl/system.vpi";
:vpi_module "/usr/lib/ivl/vhdl_sys.vpi";
:vpi_module "/usr/lib/ivl/vhdl_textio.vpi";
:vpi_module "/usr/lib/ivl/v2005_math.vpi";
:vpi_module "/usr/lib/ivl/va_math.vpi";
S_0x555702b61910 .scope module, "ex5_tb" "ex5_tb" 2 1;
 .timescale 0 0;
v0x555702b74640_0 .var "a", 0 0;
v0x555702b74700_0 .var "b", 0 0;
v0x555702b747a0_0 .net "out", 0 0, L_0x555702b74970;  1 drivers
v0x555702b748a0_0 .var "sel", 0 0;
S_0x555702b61aa0 .scope module, "uut" "ex5" 2 5, 3 1 0, S_0x555702b61910;
 .timescale 0 0;
    .port_info 0 /INPUT 1 "a";
    .port_info 1 /INPUT 1 "b";
    .port_info 2 /INPUT 1 "sel";
    .port_info 3 /OUTPUT 1 "out";
v0x555702b61c80_0 .net "a", 0 0, v0x555702b74640_0;  1 drivers
v0x555702b743a0_0 .net "b", 0 0, v0x555702b74700_0;  1 drivers
v0x555702b74460_0 .net "out", 0 0, L_0x555702b74970;  alias, 1 drivers
v0x555702b74500_0 .net "sel", 0 0, v0x555702b748a0_0;  1 drivers
L_0x555702b74970 .functor MUXZ 1, v0x555702b74640_0, v0x555702b74700_0, v0x555702b748a0_0, C4<>;
    .scope S_0x555702b61910;
T_0 ;
    %pushi/vec4 0, 0, 1;
    %store/vec4 v0x555702b74640_0, 0, 1;
    %pushi/vec4 1, 0, 1;
    %store/vec4 v0x555702b74700_0, 0, 1;
    %pushi/vec4 0, 0, 1;
    %store/vec4 v0x555702b748a0_0, 0, 1;
    %vpi_call 2 17 "$display", "Time\011 A\011 B\011 Sel\011 Out" {0 0 0};
    %vpi_call 2 18 "$monitor", "%0t\011 %b\011 %b\011 %b\011 %b", $time, v0x555702b74640_0, v0x555702b74700_0, v0x555702b748a0_0, v0x555702b747a0_0 {0 0 0};
    %delay 10, 0;
    %pushi/vec4 1, 0, 1;
    %store/vec4 v0x555702b748a0_0, 0, 1;
    %delay 10, 0;
    %pushi/vec4 0, 0, 1;
    %store/vec4 v0x555702b748a0_0, 0, 1;
    %delay 10, 0;
    %pushi/vec4 1, 0, 1;
    %store/vec4 v0x555702b748a0_0, 0, 1;
    %delay 10, 0;
    %vpi_call 2 24 "$finish" {0 0 0};
    %end;
    .thread T_0;
# The file index is used to find the file name in the following table.
:file_names 4;
    "N/A";
    "<interactive>";
    "Exercise5_tb.v";
    "Exercise5.v";
